<?xml version="1.0" encoding="UTF-8"?>
<testsuite name="Academy Choucair" tests="1" skipped="1" failures="0" errors="0" timestamp="2021-08-24T20:26:35" hostname="LAPTOP-7OD394TO" time="0.055">
  <properties/>
  <testcase name="Search for a automation course" classname="Academy Choucair" time="0.055">
    <skipped/>
  </testcase>
  <system-out><![CDATA[]]></system-out>
  <system-err><![CDATA[[Test worker] WARN net.thucydides.core.steps.BaseStepListener - stepStarted: net.thucydides.core.steps.ExecutedStepDescription@3857a210
[Test worker] INFO net.thucydides.core.steps.ConsoleLoggingListener - TEST PENDING
[Test worker] WARN net.thucydides.core.steps.BaseStepListener - stepStarted: net.thucydides.core.steps.ExecutedStepDescription@42fead8f
[Test worker] WARN net.thucydides.core.steps.BaseStepListener - stepStarted: net.thucydides.core.steps.ExecutedStepDescription@5aed07ee
[Test worker] WARN net.thucydides.core.steps.BaseStepListener - testFinished: Search for a automation course:Given than Brandon wants to learn automation course at the academy Choucair
| strUser | strPassword |
| <strUser> | <srtPassword> |, When he search for the course on the Choucair Academy platform
| strCourse |
| <strCourse> |, Then he finds the course called resources
| strCourse |
| <strCourse> |
[Test worker] WARN net.thucydides.core.steps.BaseStepListener - TestOutcomes: [Search for a automation course:Given than Brandon wants to learn automation course at the academy Choucair
| strUser | strPassword |
| <strUser> | <srtPassword> |, When he search for the course on the Choucair Academy platform
| strCourse |
| <strCourse> |, Then he finds the course called resources
| strCourse |
| <strCourse> |]
[Test worker] WARN net.thucydides.core.steps.BaseStepListener - Final testOutcomes: [Search for a automation course:Given than Brandon wants to learn automation course at the academy Choucair
| strUser | strPassword |
| <strUser> | <srtPassword> |, When he search for the course on the Choucair Academy platform
| strCourse |
| <strCourse> |, Then he finds the course called resources
| strCourse |
| <strCourse> |]
[Test worker] INFO net.thucydides.core.steps.ConsoleLoggingListener - 
          __  _____ _____ ____ _____   ____  _____ _   _ ____ ___ _   _  ____ 
 _       / / |_   _| ____/ ___|_   _| |  _ \| ____| \ | |  _ \_ _| \ | |/ ___|
(_)____ / /    | | |  _| \___ \ | |   | |_) |  _| |  \| | | | | ||  \| | |  _ 
 |_____/ /     | | | |___ ___) || |   |  __/| |___| |\  | |_| | || |\  | |_| |
(_)   /_/      |_| |_____|____/ |_|   |_|   |_____|_| \_|____/___|_| \_|\____|
                                                                                

TEST PENDING: Search for a automation course
---------------------------------------------------------------------------------
]]></system-err>
</testsuite>
